<?xml version="1.0" encoding="UTF-8"?>
<!-- Generated by org.testng.reporters.JUnitReportReporter -->
<testsuite hostname="LSTKMY233623" failures="0" tests="1" name="com.demoblaze.login.PositiveLoginTests" time="11.695" errors="0" timestamp="2022-04-27T17:29:04 CDT" skipped="0">
  <testcase classname="com.demoblaze.login.PositiveLoginTests" name="loginTest" time="11.695"/>
  <system-out/>
</testsuite> <!-- com.demoblaze.login.PositiveLoginTests -->
