<?xml version="1.0" encoding="UTF-8"?>
<!-- Generated by org.testng.reporters.JUnitReportReporter -->
<testsuite hostname="LSTKMY233623" failures="0" tests="5" name="com.demoblaze.login.NegativeLoginTest" time="128.251" errors="0" timestamp="2022-04-27T16:18:50 CDT" skipped="0">
  <testcase classname="com.demoblaze.login.NegativeLoginTest" name="loginTest" time="26.070"/>
  <system-out/>
  <testcase classname="com.demoblaze.login.NegativeLoginTest" name="loginTest" time="25.583"/>
  <system-out/>
  <testcase classname="com.demoblaze.login.NegativeLoginTest" name="loginTest" time="25.547"/>
  <system-out/>
  <testcase classname="com.demoblaze.login.NegativeLoginTest" name="loginTest" time="25.517"/>
  <system-out/>
  <testcase classname="com.demoblaze.login.NegativeLoginTest" name="loginTest" time="25.534"/>
  <system-out/>
</testsuite> <!-- com.demoblaze.login.NegativeLoginTest -->
