<?xml version="1.0" encoding="UTF-8"?>
<!-- Generated by org.testng.reporters.JUnitReportReporter -->
<testsuite hostname="LSTKMY233623" failures="0" tests="5" name="com.demoblaze.login.NegativeLoginTest" time="97.602" errors="0" timestamp="2022-04-27T17:29:04 CDT" skipped="0">
  <testcase classname="com.demoblaze.login.NegativeLoginTest" name="loginTest" time="9.607"/>
  <system-out/>
  <testcase classname="com.demoblaze.login.NegativeLoginTest" name="loginTest" time="26.308"/>
  <system-out/>
  <testcase classname="com.demoblaze.login.NegativeLoginTest" name="loginTest" time="26.329"/>
  <system-out/>
  <testcase classname="com.demoblaze.login.NegativeLoginTest" name="loginTest" time="9.759"/>
  <system-out/>
  <testcase classname="com.demoblaze.login.NegativeLoginTest" name="loginTest" time="25.599"/>
  <system-out/>
</testsuite> <!-- com.demoblaze.login.NegativeLoginTest -->
