<?xml version="1.0" encoding="UTF-8"?>
<!-- Generated by org.testng.reporters.JUnitReportReporter -->
<testsuite hostname="LSTKMY233623" failures="0" tests="1" name="com.demoblaze.signup.NewTest" time="12.488" errors="0" timestamp="2022-04-26T16:09:16 CDT" skipped="0">
  <testcase classname="com.demoblaze.signup.NewTest" name="f" time="12.488"/>
  <system-out/>
</testsuite> <!-- com.demoblaze.signup.NewTest -->
