<?xml version="1.0" encoding="UTF-8"?>
<!-- Generated by org.testng.reporters.JUnitReportReporter -->
<testsuite hostname="LSTKMY233623" failures="0" tests="5" name="com.demoblaze.login.NegativeLoginTest" time="129.070" errors="0" timestamp="2022-04-27T14:11:50 CDT" skipped="0">
  <testcase classname="com.demoblaze.login.NegativeLoginTest" name="loginTest" time="26.246"/>
  <system-out/>
  <testcase classname="com.demoblaze.login.NegativeLoginTest" name="loginTest" time="25.580"/>
  <system-out/>
  <testcase classname="com.demoblaze.login.NegativeLoginTest" name="loginTest" time="26.254"/>
  <system-out/>
  <testcase classname="com.demoblaze.login.NegativeLoginTest" name="loginTest" time="25.522"/>
  <system-out/>
  <testcase classname="com.demoblaze.login.NegativeLoginTest" name="loginTest" time="25.468"/>
  <system-out/>
</testsuite> <!-- com.demoblaze.login.NegativeLoginTest -->
